{
  "numFailedTestSuites": 0,
  "numFailedTests": 0,
  "numPassedTestSuites": 6,
  "numPassedTests": 33,
  "numPendingTestSuites": 0,
  "numPendingTests": 0,
  "numRuntimeErrorTestSuites": 0,
  "numTodoTests": 0,
  "numTotalTestSuites": 6,
  "numTotalTests": 33,
  "openHandles": [],
  "snapshot": {
    "added": 0,
    "didUpdate": false,
    "failure": false,
    "filesAdded": 0,
    "filesRemoved": 0,
    "filesRemovedList": [],
    "filesUnmatched": 0,
    "filesUpdated": 0,
    "matched": 0,
    "total": 0,
    "unchecked": 0,
    "uncheckedKeysByFile": [],
    "unmatched": 0,
    "updated": 0
  },
  "startTime": 1768055548670,
  "success": true,
  "testResults": [
    {
      "assertionResults": [
        {
          "ancestorTitles": ["POST /api/clients"],
          "duration": 9,
          "failureDetails": [],
          "failureMessages": [],
          "fullName": "POST /api/clients should return 401 if user not authenticated",
          "invocations": 1,
          "location": null,
          "numPassingAsserts": 2,
          "retryReasons": [],
          "status": "passed",
          "title": "should return 401 if user not authenticated"
        },
        {
          "ancestorTitles": ["POST /api/clients"],
          "duration": 4,
          "failureDetails": [],
          "failureMessages": [],
          "fullName": "POST /api/clients should return 400 for invalid client data",
          "invocations": 1,
          "location": null,
          "numPassingAsserts": 2,
          "retryReasons": [],
          "status": "passed",
          "title": "should return 400 for invalid client data"
        },
        {
          "ancestorTitles": ["POST /api/clients"],
          "duration": 46,
          "failureDetails": [],
          "failureMessages": [],
          "fullName": "POST /api/clients should return 404 if user not found in database",
          "invocations": 1,
          "location": null,
          "numPassingAsserts": 2,
          "retryReasons": [],
          "status": "passed",
          "title": "should return 404 if user not found in database"
        },
        {
          "ancestorTitles": ["POST /api/clients"],
          "duration": 1,
          "failureDetails": [],
          "failureMessages": [],
          "fullName": "POST /api/clients should return 403 when tier limit exceeded (free tier)",
          "invocations": 1,
          "location": null,
          "numPassingAsserts": 2,
          "retryReasons": [],
          "status": "passed",
          "title": "should return 403 when tier limit exceeded (free tier)"
        },
        {
          "ancestorTitles": ["POST /api/clients"],
          "duration": 3,
          "failureDetails": [],
          "failureMessages": [],
          "fullName": "POST /api/clients should return 409 for duplicate email",
          "invocations": 1,
          "location": null,
          "numPassingAsserts": 2,
          "retryReasons": [],
          "status": "passed",
          "title": "should return 409 for duplicate email"
        },
        {
          "ancestorTitles": ["POST /api/clients"],
          "duration": 3,
          "failureDetails": [],
          "failureMessages": [],
          "fullName": "POST /api/clients should create client successfully",
          "invocations": 1,
          "location": null,
          "numPassingAsserts": 3,
          "retryReasons": [],
          "status": "passed",
          "title": "should create client successfully"
        },
        {
          "ancestorTitles": ["GET /api/clients"],
          "duration": 1,
          "failureDetails": [],
          "failureMessages": [],
          "fullName": "GET /api/clients should return 401 if user not authenticated",
          "invocations": 1,
          "location": null,
          "numPassingAsserts": 1,
          "retryReasons": [],
          "status": "passed",
          "title": "should return 401 if user not authenticated"
        },
        {
          "ancestorTitles": ["GET /api/clients"],
          "duration": 1,
          "failureDetails": [],
          "failureMessages": [],
          "fullName": "GET /api/clients should return list of clients for authenticated user",
          "invocations": 1,
          "location": null,
          "numPassingAsserts": 3,
          "retryReasons": [],
          "status": "passed",
          "title": "should return list of clients for authenticated user"
        },
        {
          "ancestorTitles": ["GET /api/clients"],
          "duration": 1,
          "failureDetails": [],
          "failureMessages": [],
          "fullName": "GET /api/clients should return empty array when user has no clients",
          "invocations": 1,
          "location": null,
          "numPassingAsserts": 2,
          "retryReasons": [],
          "status": "passed",
          "title": "should return empty array when user has no clients"
        }
      ],
      "endTime": 1768055571992,
      "message": "",
      "name": "D:\\meetsolis\\apps\\web\\src\\app\\api\\clients\\__tests__\\route.test.ts",
      "startTime": 1768055565292,
      "status": "passed",
      "summary": ""
    },
    {
      "assertionResults": [
        {
          "ancestorTitles": ["ClientGridSkeleton"],
          "duration": 35,
          "failureDetails": [],
          "failureMessages": [],
          "fullName": "ClientGridSkeleton renders 6 skeleton cards",
          "invocations": 1,
          "location": null,
          "numPassingAsserts": 1,
          "retryReasons": [],
          "status": "passed",
          "title": "renders 6 skeleton cards"
        },
        {
          "ancestorTitles": ["ClientGridSkeleton"],
          "duration": 4,
          "failureDetails": [],
          "failureMessages": [],
          "fullName": "ClientGridSkeleton applies responsive grid classes",
          "invocations": 1,
          "location": null,
          "numPassingAsserts": 3,
          "retryReasons": [],
          "status": "passed",
          "title": "applies responsive grid classes"
        },
        {
          "ancestorTitles": ["ClientGridSkeleton"],
          "duration": 4,
          "failureDetails": [],
          "failureMessages": [],
          "fullName": "ClientGridSkeleton contains skeleton elements",
          "invocations": 1,
          "location": null,
          "numPassingAsserts": 1,
          "retryReasons": [],
          "status": "passed",
          "title": "contains skeleton elements"
        }
      ],
      "endTime": 1768055578610,
      "message": "",
      "name": "D:\\meetsolis\\apps\\web\\src\\components\\clients\\__tests__\\ClientGridSkeleton.test.tsx",
      "startTime": 1768055565296,
      "status": "passed",
      "summary": ""
    },
    {
      "assertionResults": [
        {
          "ancestorTitles": ["ClientEmptyState"],
          "duration": 35,
          "failureDetails": [],
          "failureMessages": [],
          "fullName": "ClientEmptyState displays empty state message",
          "invocations": 1,
          "location": null,
          "numPassingAsserts": 2,
          "retryReasons": [],
          "status": "passed",
          "title": "displays empty state message"
        },
        {
          "ancestorTitles": ["ClientEmptyState"],
          "duration": 34,
          "failureDetails": [],
          "failureMessages": [],
          "fullName": "ClientEmptyState renders Add Client button",
          "invocations": 1,
          "location": null,
          "numPassingAsserts": 1,
          "retryReasons": [],
          "status": "passed",
          "title": "renders Add Client button"
        },
        {
          "ancestorTitles": ["ClientEmptyState"],
          "duration": 4,
          "failureDetails": [],
          "failureMessages": [],
          "fullName": "ClientEmptyState displays icon",
          "invocations": 1,
          "location": null,
          "numPassingAsserts": 1,
          "retryReasons": [],
          "status": "passed",
          "title": "displays icon"
        }
      ],
      "endTime": 1768055578908,
      "message": "",
      "name": "D:\\meetsolis\\apps\\web\\src\\components\\clients\\__tests__\\ClientEmptyState.test.tsx",
      "startTime": 1768055565302,
      "status": "passed",
      "summary": ""
    },
    {
      "assertionResults": [
        {
          "ancestorTitles": ["ClientErrorState"],
          "duration": 48,
          "failureDetails": [],
          "failureMessages": [],
          "fullName": "ClientErrorState displays error message",
          "invocations": 1,
          "location": null,
          "numPassingAsserts": 2,
          "retryReasons": [],
          "status": "passed",
          "title": "displays error message"
        },
        {
          "ancestorTitles": ["ClientErrorState"],
          "duration": 4,
          "failureDetails": [],
          "failureMessages": [],
          "fullName": "ClientErrorState displays default error message when no error prop provided",
          "invocations": 1,
          "location": null,
          "numPassingAsserts": 1,
          "retryReasons": [],
          "status": "passed",
          "title": "displays default error message when no error prop provided"
        },
        {
          "ancestorTitles": ["ClientErrorState"],
          "duration": 3,
          "failureDetails": [],
          "failureMessages": [],
          "fullName": "ClientErrorState displays custom error message",
          "invocations": 1,
          "location": null,
          "numPassingAsserts": 1,
          "retryReasons": [],
          "status": "passed",
          "title": "displays custom error message"
        },
        {
          "ancestorTitles": ["ClientErrorState"],
          "duration": 28,
          "failureDetails": [],
          "failureMessages": [],
          "fullName": "ClientErrorState renders Retry button",
          "invocations": 1,
          "location": null,
          "numPassingAsserts": 1,
          "retryReasons": [],
          "status": "passed",
          "title": "renders Retry button"
        },
        {
          "ancestorTitles": ["ClientErrorState"],
          "duration": 53,
          "failureDetails": [],
          "failureMessages": [],
          "fullName": "ClientErrorState calls onRetry when Retry button is clicked",
          "invocations": 1,
          "location": null,
          "numPassingAsserts": 1,
          "retryReasons": [],
          "status": "passed",
          "title": "calls onRetry when Retry button is clicked"
        },
        {
          "ancestorTitles": ["ClientErrorState"],
          "duration": 3,
          "failureDetails": [],
          "failureMessages": [],
          "fullName": "ClientErrorState displays error icon",
          "invocations": 1,
          "location": null,
          "numPassingAsserts": 1,
          "retryReasons": [],
          "status": "passed",
          "title": "displays error icon"
        }
      ],
      "endTime": 1768055580718,
      "message": "",
      "name": "D:\\meetsolis\\apps\\web\\src\\components\\clients\\__tests__\\ClientErrorState.test.tsx",
      "startTime": 1768055565294,
      "status": "passed",
      "summary": ""
    },
    {
      "assertionResults": [
        {
          "ancestorTitles": ["ClientGrid"],
          "duration": 51,
          "failureDetails": [],
          "failureMessages": [],
          "fullName": "ClientGrid renders multiple client cards",
          "invocations": 1,
          "location": null,
          "numPassingAsserts": 3,
          "retryReasons": [],
          "status": "passed",
          "title": "renders multiple client cards"
        },
        {
          "ancestorTitles": ["ClientGrid"],
          "duration": 27,
          "failureDetails": [],
          "failureMessages": [],
          "fullName": "ClientGrid renders correct number of cards",
          "invocations": 1,
          "location": null,
          "numPassingAsserts": 1,
          "retryReasons": [],
          "status": "passed",
          "title": "renders correct number of cards"
        },
        {
          "ancestorTitles": ["ClientGrid"],
          "duration": 3,
          "failureDetails": [],
          "failureMessages": [],
          "fullName": "ClientGrid renders empty grid when no clients",
          "invocations": 1,
          "location": null,
          "numPassingAsserts": 2,
          "retryReasons": [],
          "status": "passed",
          "title": "renders empty grid when no clients"
        },
        {
          "ancestorTitles": ["ClientGrid"],
          "duration": 6,
          "failureDetails": [],
          "failureMessages": [],
          "fullName": "ClientGrid applies responsive grid classes",
          "invocations": 1,
          "location": null,
          "numPassingAsserts": 3,
          "retryReasons": [],
          "status": "passed",
          "title": "applies responsive grid classes"
        }
      ],
      "endTime": 1768055584360,
      "message": "",
      "name": "D:\\meetsolis\\apps\\web\\src\\components\\clients\\__tests__\\ClientGrid.test.tsx",
      "startTime": 1768055565293,
      "status": "passed",
      "summary": ""
    },
    {
      "assertionResults": [
        {
          "ancestorTitles": ["ClientCard"],
          "duration": 55,
          "failureDetails": [],
          "failureMessages": [],
          "fullName": "ClientCard renders client card with client data",
          "invocations": 1,
          "location": null,
          "numPassingAsserts": 2,
          "retryReasons": [],
          "status": "passed",
          "title": "renders client card with client data"
        },
        {
          "ancestorTitles": ["ClientCard"],
          "duration": 4,
          "failureDetails": [],
          "failureMessages": [],
          "fullName": "ClientCard renders role without company when company is null",
          "invocations": 1,
          "location": null,
          "numPassingAsserts": 1,
          "retryReasons": [],
          "status": "passed",
          "title": "renders role without company when company is null"
        },
        {
          "ancestorTitles": ["ClientCard"],
          "duration": 3,
          "failureDetails": [],
          "failureMessages": [],
          "fullName": "ClientCard renders \"No role specified\" when both role and company are null",
          "invocations": 1,
          "location": null,
          "numPassingAsserts": 1,
          "retryReasons": [],
          "status": "passed",
          "title": "renders \"No role specified\" when both role and company are null"
        },
        {
          "ancestorTitles": ["ClientCard"],
          "duration": 3,
          "failureDetails": [],
          "failureMessages": [],
          "fullName": "ClientCard formats last meeting date correctly",
          "invocations": 1,
          "location": null,
          "numPassingAsserts": 1,
          "retryReasons": [],
          "status": "passed",
          "title": "formats last meeting date correctly"
        },
        {
          "ancestorTitles": ["ClientCard"],
          "duration": 3,
          "failureDetails": [],
          "failureMessages": [],
          "fullName": "ClientCard shows \"No meetings yet\" when last_meeting_at is null",
          "invocations": 1,
          "location": null,
          "numPassingAsserts": 1,
          "retryReasons": [],
          "status": "passed",
          "title": "shows \"No meetings yet\" when last_meeting_at is null"
        },
        {
          "ancestorTitles": ["ClientCard"],
          "duration": 73,
          "failureDetails": [],
          "failureMessages": [],
          "fullName": "ClientCard navigates to client detail page on click",
          "invocations": 1,
          "location": null,
          "numPassingAsserts": 1,
          "retryReasons": [],
          "status": "passed",
          "title": "navigates to client detail page on click"
        },
        {
          "ancestorTitles": ["ClientCard"],
          "duration": 46,
          "failureDetails": [],
          "failureMessages": [],
          "fullName": "ClientCard navigates on Enter key press",
          "invocations": 1,
          "location": null,
          "numPassingAsserts": 1,
          "retryReasons": [],
          "status": "passed",
          "title": "navigates on Enter key press"
        },
        {
          "ancestorTitles": ["ClientCard"],
          "duration": 49,
          "failureDetails": [],
          "failureMessages": [],
          "fullName": "ClientCard navigates on Space key press",
          "invocations": 1,
          "location": null,
          "numPassingAsserts": 1,
          "retryReasons": [],
          "status": "passed",
          "title": "navigates on Space key press"
        }
      ],
      "endTime": 1768055584516,
      "message": "",
      "name": "D:\\meetsolis\\apps\\web\\src\\components\\clients\\__tests__\\ClientCard.test.tsx",
      "startTime": 1768055565312,
      "status": "passed",
      "summary": ""
    }
  ],
  "wasInterrupted": false
}
